<?xml version="1.0" encoding="UTF-8"?>
<testsuite xmlns:xsi="http://www.w3.org/2001/XMLSchema-instance" xsi:noNamespaceSchemaLocation="https://maven.apache.org/surefire/maven-surefire-plugin/xsd/surefire-test-report-3.0.xsd" version="3.0" name="DAO.RolDAOTest" time="0.514" tests="4" errors="0" skipped="0" failures="0">
  <properties>
[...]
</properties>
  <testcase name="testCrearRol" classname="DAO.RolDAOTest" time="0.457"/>
  <testcase name="testBuscarRol" classname="DAO.RolDAOTest" time="0.003"/>
  <testcase name="testModificarRol" classname="DAO.RolDAOTest" time="0.01"/>
  <testcase name="testEliminarRol" classname="DAO.RolDAOTest" time="0.009"/>
</testsuite>